<?xml version="1.0" encoding="UTF-8"?>
<Site BuildName="(empty)"
	BuildStamp="20191227-1441-Experimental"
	Name="(empty)"
	Generator="ctest-3.15.19101501-MSVC_2"
	CompilerName=""
	CompilerVersion=""
	OSName="Windows"
	Hostname="WinDev1911Eval"
	OSRelease=" Professional"
	OSVersion=" (Build 18363)"
	OSPlatform="x86"
	Is64Bits="1"
	VendorString="GenuineIntel"
	VendorID="Intel Corporation"
	FamilyID="6"
	ModelID="10"
	ProcessorCacheSize="-1"
	NumberOfLogicalCPU="2"
	NumberOfPhysicalCPU="2"
	TotalVirtualMemory="9471"
	TotalPhysicalMemory="8191"
	LogicalProcessorsPerPhysical="1"
	ProcessorClockFrequency="2791"
	>
	<Testing>
		<StartDateTime>Dec 27 06:41 Pacific Standard Time</StartDateTime>
		<StartTestTime>1577457718</StartTestTime>
		<TestList>
			<Test>./test/module/shared_model/interface/common_objects/module_amount_test</Test>
		</TestList>
		<Test Status="passed">
			<Name>module_amount_test</Name>
			<Path>./test/module/shared_model/interface/common_objects</Path>
			<FullName>./test/module/shared_model/interface/common_objects/module_amount_test</FullName>
			<FullCommandLine>C:\Users\User\Documents\build-1\test_bin\amount_test.exe</FullCommandLine>
			<Results>
				<NamedMeasurement type="numeric/double" name="Execution Time">
					<Value>0.507562</Value>
				</NamedMeasurement>
				<NamedMeasurement type="numeric/double" name="Processors">
					<Value>1</Value>
				</NamedMeasurement>
				<NamedMeasurement type="text/string" name="Completion Status">
					<Value>Completed</Value>
				</NamedMeasurement>
				<NamedMeasurement type="text/string" name="Command Line">
					<Value>C:\Users\User\Documents\build-1\test_bin\amount_test.exe</Value>
				</NamedMeasurement>
				<Measurement>
					<Value>Running main() from C:\Users\User\Documents\vcpkg\buildtrees\gtest\src\59f4ade3fb-b1f973195c\googletest\src\gtest_main.cc
[==========] Running 3 tests from 1 test suite.
[----------] Global test environment set-up.
[----------] 3 tests from AmountTest
[ RUN      ] AmountTest.Basic
[       OK ] AmountTest.Basic (0 ms)
[ RUN      ] AmountTest.Strange
[       OK ] AmountTest.Strange (0 ms)
[ RUN      ] AmountTest.Invalid
[       OK ] AmountTest.Invalid (0 ms)
[----------] 3 tests from AmountTest (0 ms total)

[----------] Global test environment tear-down
[==========] 3 tests from 1 test suite ran. (2 ms total)
[  PASSED  ] 3 tests.
</Value>
				</Measurement>
			</Results>
		</Test>
		<EndDateTime>Dec 27 06:41 Pacific Standard Time</EndDateTime>
		<EndTestTime>1577457719</EndTestTime>
		<ElapsedMinutes>0</ElapsedMinutes>
	</Testing>
</Site>
